<resources><jsonData id="testData">{"Reinitialize": true,"Properties": {"boldness":1,"activityR":8,"tone":2, "weather": true,"activity": 6,"dialSize":0,"location": [40.3,-74.6],"calendar_ids": ["3nnc1pb5j7ignk26hl7t9sanr8@group.calendar.google.com"]},"AfterLayoutCharProperties":{"last": "c"}}</jsonData></resources>
